<?xml version="1.0" encoding="UTF-8"?>
<!-- Generated by org.testng.reporters.JUnitReportReporter -->
<testsuite hostname="LP-PK0FH2M" name="asokNLPractice.SeleniumTest" tests="3" failures="0" timestamp="21 Feb 2018 10:25:16 GMT" time="0.000" errors="0">
  <testcase name="elementsUi" time="0.000" classname="asokNLPractice.SeleniumTest"/>
  <testcase name="helloWorld" time="0.000" classname="asokNLPractice.SeleniumTest"/>
  <testcase name="BrowserAutomation" time="0.000" classname="asokNLPractice.SeleniumTest"/>
</testsuite> <!-- asokNLPractice.SeleniumTest -->
