<?xml version="1.0" encoding="UTF-8"?>
<!-- Generated by org.testng.reporters.JUnitReportReporter -->
<testsuite hostname="LP-PK0FH2M" name="asokNLPractice.RestApiTest" tests="2" failures="0" timestamp="21 Feb 2018 08:00:43 GMT" time="0.001" errors="0">
  <testcase name="deleteTwitter" time="0.001" classname="asokNLPractice.RestApiTest"/>
  <testcase name="postJira" time="0.000" classname="asokNLPractice.RestApiTest"/>
</testsuite> <!-- asokNLPractice.RestApiTest -->
