<?xml version="1.0" encoding="UTF-8"?>
<!-- Generated by org.testng.reporters.JUnitReportReporter -->
<testsuite hostname="LP-PK0FH2M" name="asokNLPractice.AppiumTest" tests="2" failures="0" timestamp="21 Feb 2018 08:00:43 GMT" time="0.000" errors="0">
  <testcase name="IosApps" time="0.000" classname="asokNLPractice.AppiumTest"/>
  <testcase name="nativeAppAndroid" time="0.000" classname="asokNLPractice.AppiumTest"/>
</testsuite> <!-- asokNLPractice.AppiumTest -->
